2025-07-27 23:39:50,869 - INFO - Loaded 1 scripts
2025-07-27 23:39:50,880 - INFO - Loaded 1 countries
2025-07-27 23:39:50,883 - INFO - Login successful
2025-07-27 23:44:13,364 - INFO - Selected numbers file: C:/Users/Aisha/Downloads/numbers.txt
2025-07-27 23:44:20,952 - INFO - Starting automation for MICO in Mali (++223)
2025-07-27 23:44:20,954 - INFO - Automation started...
2025-07-27 23:44:20,956 - INFO - This is a simulation. Real implementation will execute the automation script.
2025-07-27 23:44:22,967 - INFO - Automation completed successfully!
2025-07-27 23:58:04,131 - INFO - Loaded 1 scripts
2025-07-27 23:58:04,142 - INFO - Loaded 1 countries
2025-07-28 00:10:09,546 - INFO - Loaded 1 scripts
2025-07-28 00:10:09,553 - INFO - Loaded 1 countries
2025-07-28 00:10:10,183 - INFO - Logged out successfully
2025-07-28 00:10:31,676 - INFO - Loaded 1 scripts
2025-07-28 00:10:31,682 - INFO - Loaded 1 countries
2025-07-28 00:10:31,685 - INFO - Login successful
2025-07-28 00:10:44,658 - INFO - Validated 6 numbers from C:/Users/Aisha/Downloads/numbers.txt
2025-07-28 00:10:46,520 - INFO - Starting automation for MICO in Mali (++223)
2025-07-28 00:10:48,270 - INFO - Installing dependencies...
2025-07-28 00:10:51,680 - INFO - Dependencies installed successfully
2025-07-28 00:10:51,682 - INFO - Downloading script from server...
2025-07-28 00:10:51,683 - INFO - Debug: Session cookies: {'connect.sid': 's%3AahMt7ZUsTqpEDDfR0Uu3m79ucpUxJHic.5qZFOkex8yFFPh1A9ENg8F1EdR9AH7Bbc4g3SBQP6T4'}
2025-07-28 00:10:53,725 - INFO - Debug: Test API call status: 200
2025-07-28 00:10:53,773 - INFO - Script downloaded successfully
2025-07-28 00:10:53,779 - INFO - Starting script execution...
2025-07-28 00:10:56,662 - INFO - Traceback (most recent call last):
2025-07-28 00:10:56,665 - INFO - File "C:\Users\Aisha\AppData\Local\Temp\otp_automation_s8g7mpa9\automation_script.py", line 27, in <module>
2025-07-28 00:10:56,671 - INFO - print("\U0001f680 Launching MICO app...")
2025-07-28 00:10:56,674 - INFO - File "C:\Python312\Lib\encodings\cp1252.py", line 19, in encode
2025-07-28 00:10:56,675 - INFO - return codecs.charmap_encode(input,self.errors,encoding_table)[0]
2025-07-28 00:10:56,676 - INFO - ^^^^^^^^^^^^^^^^^^^^^^^^^^^^^^^^^^^^^^^^^^^^^^^^^^^^^^^
2025-07-28 00:10:56,677 - INFO - UnicodeEncodeError: 'charmap' codec can't encode character '\U0001f680' in position 0: character maps to <undefined>
2025-07-28 00:10:56,791 - INFO - Results reported to server successfully
2025-07-28 00:11:04,505 - INFO - Temporary files cleaned up
2025-07-28 00:11:48,119 - INFO - Logged out successfully
2025-07-28 00:14:24,182 - INFO - Loaded 1 scripts
2025-07-28 00:14:24,188 - INFO - Loaded 1 countries
2025-07-28 00:14:24,195 - INFO - Login successful
2025-07-28 00:16:31,242 - INFO - Logged out successfully
2025-07-28 00:19:34,353 - INFO - Debug: Sending login request with MAC: a4:c3:f0:7f:f1:75
2025-07-28 00:19:53,664 - INFO - Debug: Sending login request with MAC: a4:c3:f0:7f:f1:75
2025-07-28 00:25:38,170 - INFO - Debug: Sending login request with MAC: a4:c3:f0:7f:f1:75
2025-07-28 00:25:40,329 - INFO - Loaded 1 scripts
2025-07-28 00:25:40,338 - INFO - Loaded 1 countries
2025-07-28 00:25:40,341 - INFO - Login successful
2025-07-28 00:26:11,919 - INFO - Validated 6 numbers from C:/Users/Aisha/Downloads/numbers.txt
2025-07-28 00:26:23,407 - INFO - Starting automation for MICO in Mali (++223)
2025-07-28 00:26:23,623 - INFO - ✅ Connected to device: Redmi 22081283C (NRJNT4ZDDEV4E649)
2025-07-28 00:26:24,942 - INFO - Installing dependencies...
2025-07-28 00:26:27,731 - INFO - Dependencies installed successfully
2025-07-28 00:26:27,733 - INFO - Downloading script from server...
2025-07-28 00:26:27,733 - INFO - Debug: Session cookies: {'connect.sid': 's%3AH2A6PT_gJ_aHDZnNv1BBnpHlOkMYkhTO.oDv3FqVfaHyXtSlTLki%2Bl8QBu8GAVo9H4%2FO22ERqU4U'}
2025-07-28 00:26:29,785 - INFO - Debug: Test API call status: 200
2025-07-28 00:26:29,818 - INFO - Script downloaded successfully
2025-07-28 00:26:29,825 - INFO - Starting script execution...
2025-07-28 00:27:35,811 - INFO - Logged out successfully
2025-07-28 00:27:38,051 - INFO - Automation process terminated
2025-07-28 00:27:38,054 - ERROR - Error cleaning up temp files: [WinError 32] The process cannot access the file because it is being used by another process: 'C:\\Users\\Aisha\\AppData\\Local\\Temp\\otp_automation_k3uxk4v0'
2025-07-28 00:38:56,813 - INFO - Debug: Sending login request with MAC: a4:c3:f0:7f:f1:75
2025-07-28 00:38:58,952 - INFO - Loaded 2 scripts
2025-07-28 00:38:58,961 - INFO - Loaded 1 countries
2025-07-28 00:38:58,968 - INFO - Login successful
2025-07-28 00:39:30,643 - INFO - Validated 6 numbers from C:/Users/Aisha/Downloads/numbers.txt
2025-07-28 00:39:34,095 - INFO - Starting automation for MICO UNIVERSAL in Mali (++223)
2025-07-28 00:39:34,358 - INFO - ✅ Connected to device: Redmi 22081283C (NRJNT4ZDDEV4E649)
2025-07-28 00:39:36,048 - INFO - Installing dependencies...
2025-07-28 00:39:38,877 - INFO - Dependencies installed successfully
2025-07-28 00:39:38,879 - INFO - Downloading script from server...
2025-07-28 00:39:38,881 - INFO - Debug: Session cookies: {'connect.sid': 's%3AGZZhNXE-rJt7MW3IZU-hscxyM4I4TzlK.bC3mHEQc1Vj%2FglzkWmWS27E1RGBd9csdHdf6Q6m%2FLLI'}
2025-07-28 00:39:40,939 - INFO - Debug: Test API call status: 200
2025-07-28 00:39:40,967 - INFO - Script downloaded successfully
2025-07-28 00:39:40,976 - INFO - Starting script execution...
2025-07-28 00:39:43,897 - ERROR - Script execution error: 'charmap' codec can't decode byte 0x9d in position 42: character maps to <undefined>
2025-07-28 00:39:43,901 - ERROR - ❌ Automation failed
2025-07-28 00:39:46,577 - INFO - Temporary files cleaned up
2025-07-28 00:44:18,172 - INFO - Debug: Sending login request with MAC: a4:c3:f0:7f:f1:75
2025-07-28 00:45:46,316 - INFO - Debug: Sending login request with MAC: a4:c3:f0:7f:f1:75
2025-07-28 00:47:37,073 - INFO - Loaded 3 scripts
2025-07-28 00:47:37,078 - INFO - Loaded 1 countries
2025-07-28 00:47:48,074 - INFO - Validated 6 numbers from C:/Users/Aisha/Downloads/numbers.txt
2025-07-28 00:47:49,004 - INFO - Starting automation for MICO UNI in Mali (++223)
2025-07-28 00:47:49,208 - INFO - ✅ Connected to device: Redmi 22081283C (NRJNT4ZDDEV4E649)
2025-07-28 00:47:51,042 - INFO - Installing dependencies...
2025-07-28 00:47:53,772 - INFO - Dependencies installed successfully
2025-07-28 00:47:53,773 - INFO - Downloading script from server...
2025-07-28 00:47:53,775 - INFO - Debug: Session cookies: {}
2025-07-28 00:47:55,816 - INFO - Debug: Test API call status: 200
2025-07-28 00:47:55,820 - ERROR - Failed to download script: {"message":"Authentication required"}
2025-07-28 00:52:34,597 - INFO - Starting automation for MICO UNI in Mali (++223)
2025-07-28 00:52:34,799 - INFO - ✅ Connected to device: Redmi 22081283C (NRJNT4ZDDEV4E649)
2025-07-28 00:52:50,658 - INFO - Installing dependencies...
2025-07-28 00:52:53,228 - INFO - Dependencies installed successfully
2025-07-28 00:52:53,234 - INFO - Downloading script from server...
2025-07-28 00:52:53,235 - INFO - Debug: Session cookies: {}
2025-07-28 00:52:55,252 - INFO - Debug: Test API call status: 200
2025-07-28 00:52:55,277 - ERROR - Failed to download script: {"message":"Authentication required"}
2025-07-28 00:59:02,241 - INFO - Debug: Sending login request with MAC: a4:c3:f0:7f:f1:75
2025-07-28 00:59:04,346 - INFO - Loaded 3 scripts
2025-07-28 00:59:04,353 - INFO - Loaded 1 countries
2025-07-28 00:59:04,356 - INFO - Login successful
2025-07-28 00:59:10,989 - INFO - Validated 6 numbers from C:/Users/Aisha/Downloads/numbers.txt
2025-07-28 00:59:14,644 - INFO - Starting automation for MICO in Mali (++223)
2025-07-28 00:59:14,875 - INFO - ✅ Connected to device: Redmi 22081283C (NRJNT4ZDDEV4E649)
2025-07-28 00:59:18,078 - INFO - Installing dependencies...
2025-07-28 00:59:20,713 - INFO - Dependencies installed successfully
2025-07-28 00:59:20,715 - INFO - Downloading script from server...
2025-07-28 00:59:20,716 - INFO - Debug: Session cookies: {'connect.sid': 's%3AbGMTD4jfid_mJuwvx4SiOd3mkWnXjWMD.qgP%2BgHuAmmYBJGSAsBtsxBjX9lkLSXtheKVqSbtJ35o'}
2025-07-28 00:59:22,749 - INFO - Debug: Test API call status: 200
2025-07-28 00:59:22,753 - ERROR - Failed to download script: {"message":"ENOENT: no such file or directory, open 'C:\\Users\\Aisha\\Downloads\\OtpGuard\\uploads\\scripts\\fdc8a89d-16a3-4595-a66e-35b34679084f_mico_mali.py'"}
2025-07-30 07:48:43,537 - INFO - Loaded 1 scripts
2025-07-30 07:48:43,543 - INFO - Loaded 1 countries
2025-07-30 07:48:49,247 - INFO - Logged out successfully
2025-07-30 07:49:02,788 - INFO - Debug: Sending login request with MAC: a4:c3:f0:7f:f1:75
2025-07-30 07:49:04,935 - INFO - Loaded 1 scripts
2025-07-30 07:49:04,939 - INFO - Loaded 1 countries
2025-07-30 07:49:04,939 - INFO - Login successful
2025-07-30 07:51:39,374 - INFO - Validated 8 numbers from C:/Users/Aisha/Downloads/OtpGuard/Windows/numbers.txt
2025-07-30 07:51:47,594 - INFO - Starting automation for MICO in Mali (++223)
2025-07-30 07:51:53,038 - INFO - ✅ Connected to device: Redmi 22081283C (NRJNT4ZDDEV4E649)
2025-07-30 07:51:55,795 - INFO - Installing dependencies...
2025-07-30 07:51:58,681 - INFO - Dependencies installed successfully
2025-07-30 07:51:58,684 - INFO - Downloading script from server...
2025-07-30 07:51:58,685 - INFO - Debug: Session cookies: {'connect.sid': 's%3AMLrc6Dtd6V0kB4ShypckTIdJwrOIjbdp.7awMqvCApOTT7wy90Rv2JYBjH80l5RX1iXrsQSHRYhE'}
2025-07-30 07:52:00,707 - INFO - Debug: Test API call status: 200
2025-07-30 07:52:00,753 - INFO - Script downloaded successfully
2025-07-30 07:52:00,759 - INFO - Starting script execution...
2025-07-30 07:52:03,569 - INFO - Starting MICO automation script...
2025-07-30 07:52:03,570 - INFO - Configuration file 'automation_config.json' not found!
2025-07-30 07:52:03,572 - INFO - This script should be run through the OtpGuard desktop application.
2025-07-30 07:52:03,680 - INFO - Results reported to server successfully
2025-07-30 07:52:03,686 - ERROR - ❌ Automation failed
2025-07-30 07:52:11,475 - INFO - Temporary files cleaned up
2025-07-30 07:54:44,362 - INFO - Debug: Sending login request with MAC: a4:c3:f0:7f:f1:75
2025-07-30 07:56:44,813 - INFO - Debug: Sending login request with MAC: a4:c3:f0:7f:f1:75
2025-07-30 07:57:53,660 - INFO - Debug: Sending login request with MAC: a4:c3:f0:7f:f1:75
2025-07-30 07:57:55,781 - INFO - Loaded 1 scripts
2025-07-30 07:57:55,789 - INFO - Loaded 1 countries
2025-07-30 07:57:55,793 - INFO - Login successful
2025-07-30 07:58:03,204 - INFO - Validated 8 numbers from C:/Users/Aisha/Downloads/OtpGuard/Windows/numbers.txt
2025-07-30 07:58:14,344 - INFO - Starting automation for MICO in Mali (++223)
2025-07-30 07:58:14,584 - INFO - ✅ Connected to device: Redmi 22081283C (NRJNT4ZDDEV4E649)
2025-07-30 07:58:17,138 - INFO - Installing dependencies...
2025-07-30 07:58:19,916 - INFO - Dependencies installed successfully
2025-07-30 07:58:19,919 - INFO - Downloading script from server...
2025-07-30 07:58:19,920 - INFO - Debug: Session cookies: {'connect.sid': 's%3Ad6aAISXQC_G-ThQIhJFHrF0jp8iNwkzw.NkHvvndsf2INVzWqIWOUhVCaGMfKthoft0uxN%2BgA4Hc'}
2025-07-30 07:58:21,971 - INFO - Debug: Test API call status: 200
2025-07-30 07:58:22,000 - INFO - Script downloaded successfully
2025-07-30 07:58:22,008 - INFO - Starting script execution...
2025-07-30 07:58:22,010 - INFO - Automation config file created
2025-07-30 07:58:43,630 - INFO - Starting MICO automation script...
2025-07-30 07:58:43,632 - INFO - Country: Mali (+223)
2025-07-30 07:58:43,633 - INFO - Phone numbers to process: 8
2025-07-30 07:58:43,636 - INFO - Launching MICO app...
2025-07-30 07:58:43,638 - INFO - App launched (waiting 5s)
2025-07-30 07:58:43,641 - INFO - ðŸ‘‰ Clicking on 'Other Login Options'...
2025-07-30 07:58:43,643 - INFO - Clicked on 'Other Login Options' (waiting 3s)
2025-07-30 07:58:43,644 - INFO - Clicking on 'Phone Login' option...
2025-07-30 07:58:43,646 - INFO - Result: {"phone_number": "", "status": "error", "timestamp": "2025-07-30 07:58:43", "message": "Could not find 'Phone Login' option"}
2025-07-30 07:58:45,748 - INFO - Results reported to server successfully
2025-07-30 07:58:45,751 - INFO - ✅ Automation completed successfully! Processed 8 numbers
2025-07-30 07:58:50,845 - INFO - Temporary files cleaned up
2025-07-30 08:02:39,316 - INFO - Logged out successfully
2025-07-30 08:04:49,056 - INFO - Debug: Sending login request with MAC: a4:c3:f0:7f:f1:75
2025-07-30 08:04:51,300 - INFO - Loaded 1 scripts
2025-07-30 08:04:51,313 - INFO - Loaded 1 countries
2025-07-30 08:04:51,319 - INFO - Login successful
2025-07-30 08:04:59,754 - INFO - Validated 8 numbers from C:/Users/Aisha/Downloads/OtpGuard/Windows/numbers.txt
2025-07-30 08:05:03,171 - INFO - Starting automation for MICO in Mali (++223)
2025-07-30 08:05:03,457 - INFO - ✅ Connected to device: Redmi 22081283C (NRJNT4ZDDEV4E649)
2025-07-30 08:05:12,268 - INFO - Installing dependencies...
2025-07-30 08:05:14,607 - INFO - Dependencies installed successfully
2025-07-30 08:05:14,610 - INFO - Downloading script from server...
2025-07-30 08:05:14,610 - INFO - Debug: Session cookies: {'connect.sid': 's%3Am0qaVQbky-hj4QaZvOO65WLobkuJY4dp.BBdqfkKv7wTiB4lDRyPyhY3izYQmS1y3gHA1oWzcjWM'}
2025-07-30 08:05:16,665 - INFO - Debug: Test API call status: 200
2025-07-30 08:05:16,696 - INFO - Script downloaded successfully
2025-07-30 08:05:16,703 - INFO - Starting script execution...
2025-07-30 08:05:16,705 - INFO - Automation config file created
2025-07-30 08:06:42,439 - INFO - Starting MICO automation script...
2025-07-30 08:06:42,441 - INFO - Country: Mali (+223)
2025-07-30 08:06:42,444 - INFO - Phone numbers to process: 8
2025-07-30 08:06:42,446 - INFO - Launching MICO app...
2025-07-30 08:06:42,448 - INFO - App launched (waiting 5s)
2025-07-30 08:06:42,452 - INFO - ðŸ‘‰ Clicking on 'Other Login Options'...
2025-07-30 08:06:42,454 - INFO - Clicked on 'Other Login Options' (waiting 3s)
2025-07-30 08:06:42,457 - INFO - Clicking on 'Sign in with Phone' option...
2025-07-30 08:06:42,459 - INFO - Clicked on 'Sign in with Phone' (waiting 2s)
2025-07-30 08:06:42,462 - INFO - Clicking on phone number selector...
2025-07-30 08:06:42,465 - INFO - Clicked on phone selector (waiting 2s)
2025-07-30 08:06:42,468 - INFO - Searching for 'Mali  (+223)'...
2025-07-30 08:06:42,471 - INFO - Not found, scrolling... (1)
2025-07-30 08:06:42,474 - INFO - Not found, scrolling... (2)
2025-07-30 08:06:42,477 - INFO - Not found, scrolling... (3)
2025-07-30 08:06:42,480 - INFO - Not found, scrolling... (4)
2025-07-30 08:06:42,482 - INFO - Not found, scrolling... (5)
2025-07-30 08:06:42,486 - INFO - Not found, scrolling... (6)
2025-07-30 08:06:42,488 - INFO - Not found, scrolling... (7)
2025-07-30 08:06:42,491 - INFO - Not found, scrolling... (8)
2025-07-30 08:06:42,494 - INFO - Not found, scrolling... (9)
2025-07-30 08:06:42,496 - INFO - Not found, scrolling... (10)
2025-07-30 08:06:42,499 - INFO - Not found, scrolling... (11)
2025-07-30 08:06:42,503 - INFO - Not found, scrolling... (12)
2025-07-30 08:06:42,505 - INFO - Not found, scrolling... (13)
2025-07-30 08:06:42,507 - INFO - Not found, scrolling... (14)
2025-07-30 08:06:42,510 - INFO - Not found, scrolling... (15)
2025-07-30 08:06:42,512 - INFO - Not found, scrolling... (16)
2025-07-30 08:06:42,516 - INFO - Not found, scrolling... (17)
2025-07-30 08:06:42,518 - INFO - Not found, scrolling... (18)
2025-07-30 08:06:42,522 - INFO - Not found, scrolling... (19)
2025-07-30 08:06:42,524 - INFO - Not found, scrolling... (20)
2025-07-30 08:06:42,526 - INFO - Not found, scrolling... (21)
2025-07-30 08:06:42,528 - INFO - Not found, scrolling... (22)
2025-07-30 08:06:42,540 - INFO - Not found, scrolling... (23)
2025-07-30 08:06:42,542 - INFO - Not found, scrolling... (24)
2025-07-30 08:06:42,544 - INFO - Not found, scrolling... (25)
2025-07-30 08:06:42,546 - INFO - Not found, scrolling... (26)
2025-07-30 08:06:42,548 - INFO - Not found, scrolling... (27)
2025-07-30 08:06:42,551 - INFO - Not found, scrolling... (28)
2025-07-30 08:06:42,553 - INFO - Not found, scrolling... (29)
2025-07-30 08:06:42,556 - INFO - Not found, scrolling... (30)
2025-07-30 08:06:42,558 - INFO - Could not find country 'Mali  (+223)' in the list
2025-07-30 08:06:42,561 - INFO - Result: {"phone_number": "", "status": "error", "timestamp": "2025-07-30 08:06:42", "message": "Could not find country 'Mali  (+223)' in the list"}
2025-07-30 08:06:44,634 - INFO - Results reported to server successfully
2025-07-30 08:06:44,638 - INFO - ✅ Automation completed successfully! Processed 8 numbers
2025-07-30 08:06:52,349 - INFO - Temporary files cleaned up
2025-07-30 08:09:04,560 - INFO - Logged out successfully
2025-07-30 08:09:17,641 - INFO - Debug: Sending login request with MAC: a4:c3:f0:7f:f1:75
2025-07-30 08:09:19,865 - INFO - Loaded 1 scripts
2025-07-30 08:09:19,871 - INFO - Loaded 1 countries
2025-07-30 08:09:19,871 - INFO - Login successful
2025-07-30 08:09:27,401 - INFO - Validated 8 numbers from C:/Users/Aisha/Downloads/OtpGuard/Windows/numbers.txt
2025-07-30 08:09:32,041 - INFO - Starting automation for M1 in Mali (++223)
2025-07-30 08:09:32,264 - INFO - ✅ Connected to device: Redmi 22081283C (NRJNT4ZDDEV4E649)
2025-07-30 08:09:34,314 - INFO - Installing dependencies...
2025-07-30 08:09:36,665 - INFO - Dependencies installed successfully
2025-07-30 08:09:36,668 - INFO - Downloading script from server...
2025-07-30 08:09:36,669 - INFO - Debug: Session cookies: {'connect.sid': 's%3APTGqzOsOY1hcy5yPYUe-AcufnnuiFJKM.9O5PBluKUSdZ6vWyjHOPaIbgarQw6Id5Lf6huVjRR%2F8'}
2025-07-30 08:09:38,715 - INFO - Debug: Test API call status: 200
2025-07-30 08:09:38,738 - INFO - Script downloaded successfully
2025-07-30 08:09:38,745 - INFO - Starting script execution...
2025-07-30 08:09:38,747 - INFO - Automation config file created
2025-07-30 08:11:06,422 - INFO - Starting MICO automation script...
2025-07-30 08:11:06,426 - INFO - Country: Mali (+223)
2025-07-30 08:11:06,428 - INFO - Phone numbers to process: 8
2025-07-30 08:11:06,436 - INFO - Launching MICO app...
2025-07-30 08:11:06,438 - INFO - App launched (waiting 5s)
2025-07-30 08:11:06,440 - INFO - ðŸ‘‰ Clicking on 'Other Login Options'...
2025-07-30 08:11:06,446 - INFO - Clicked on 'Other Login Options' (waiting 3s)
2025-07-30 08:11:06,448 - INFO - Clicking on 'Sign in with Phone' option...
2025-07-30 08:11:06,450 - INFO - Clicked on 'Sign in with Phone' (waiting 2s)
2025-07-30 08:11:06,453 - INFO - Clicking on phone number selector...
2025-07-30 08:11:06,454 - INFO - Clicked on phone selector (waiting 2s)
2025-07-30 08:11:06,457 - INFO - Searching for 'Mali  (+223)'...
2025-07-30 08:11:06,458 - INFO - Not found, scrolling... (1)
2025-07-30 08:11:06,462 - INFO - Not found, scrolling... (2)
2025-07-30 08:11:06,463 - INFO - Not found, scrolling... (3)
2025-07-30 08:11:06,466 - INFO - Not found, scrolling... (4)
2025-07-30 08:11:06,467 - INFO - Not found, scrolling... (5)
2025-07-30 08:11:06,470 - INFO - Not found, scrolling... (6)
2025-07-30 08:11:06,471 - INFO - Not found, scrolling... (7)
2025-07-30 08:11:06,485 - INFO - Not found, scrolling... (8)
2025-07-30 08:11:06,487 - INFO - Not found, scrolling... (9)
2025-07-30 08:11:06,489 - INFO - Not found, scrolling... (10)
2025-07-30 08:11:06,491 - INFO - Not found, scrolling... (11)
2025-07-30 08:11:06,493 - INFO - Not found, scrolling... (12)
2025-07-30 08:11:06,495 - INFO - Not found, scrolling... (13)
2025-07-30 08:11:06,497 - INFO - Not found, scrolling... (14)
2025-07-30 08:11:06,498 - INFO - Not found, scrolling... (15)
2025-07-30 08:11:06,498 - INFO - Not found, scrolling... (16)
2025-07-30 08:11:06,501 - INFO - Not found, scrolling... (17)
2025-07-30 08:11:06,503 - INFO - Not found, scrolling... (18)
2025-07-30 08:11:06,505 - INFO - Not found, scrolling... (19)
2025-07-30 08:11:06,506 - INFO - Not found, scrolling... (20)
2025-07-30 08:11:06,509 - INFO - Not found, scrolling... (21)
2025-07-30 08:11:06,512 - INFO - Not found, scrolling... (22)
2025-07-30 08:11:06,514 - INFO - Not found, scrolling... (23)
2025-07-30 08:11:06,515 - INFO - Not found, scrolling... (24)
2025-07-30 08:11:06,517 - INFO - Not found, scrolling... (25)
2025-07-30 08:11:06,520 - INFO - Not found, scrolling... (26)
2025-07-30 08:11:06,532 - INFO - Not found, scrolling... (27)
2025-07-30 08:11:06,534 - INFO - Not found, scrolling... (28)
2025-07-30 08:11:06,535 - INFO - Not found, scrolling... (29)
2025-07-30 08:11:06,537 - INFO - Not found, scrolling... (30)
2025-07-30 08:11:06,539 - INFO - Could not find country 'Mali  (+223)' in the list
2025-07-30 08:11:06,541 - INFO - Result: {"phone_number": "", "status": "error", "timestamp": "2025-07-30 08:11:06", "message": "Could not find country 'Mali  (+223)' in the list"}
2025-07-30 08:11:08,609 - INFO - Results reported to server successfully
2025-07-30 08:11:08,612 - INFO - ✅ Automation completed successfully! Processed 8 numbers
2025-07-30 08:11:49,598 - INFO - Temporary files cleaned up
2025-07-30 08:28:23,240 - INFO - Logged out successfully
2025-07-30 08:28:51,149 - INFO - Debug: Sending login request with MAC: a4:c3:f0:7f:f1:75
2025-07-30 08:28:53,402 - INFO - Loaded 1 scripts
2025-07-30 08:28:53,409 - INFO - Loaded 1 countries
2025-07-30 08:28:53,410 - INFO - Login successful
2025-07-30 08:28:59,433 - INFO - Validated 8 numbers from C:/Users/Aisha/Downloads/OtpGuard/Windows/numbers.txt
2025-07-30 08:29:00,904 - INFO - Starting automation for MICO in Mali (++223)
2025-07-30 08:29:01,172 - INFO - ✅ Connected to device: Redmi 22081283C (NRJNT4ZDDEV4E649)
2025-07-30 08:29:02,430 - INFO - Installing dependencies...
2025-07-30 08:29:04,973 - INFO - Dependencies installed successfully
2025-07-30 08:29:04,975 - INFO - Downloading script from server...
2025-07-30 08:29:04,976 - INFO - Debug: Session cookies: {'connect.sid': 's%3AbWqWI4r-6yY-g7sbTEpGEYg3YAsZHh96.%2BiPPnD6dNNzEsukCmtRc510riDSlJ2H1jnDKt3yQN8g'}
2025-07-30 08:29:06,990 - INFO - Debug: Test API call status: 200
2025-07-30 08:29:07,030 - INFO - Script downloaded successfully
2025-07-30 08:29:07,038 - INFO - Starting script execution...
2025-07-30 08:29:07,041 - INFO - Automation config file created
2025-07-30 08:30:37,600 - INFO - Automation process terminated
2025-07-30 08:30:37,604 - INFO - Temporary files cleaned up
